This is pdfTeX, Version 3.141592653-2.6-1.40.27 (TeX Live 2025) (preloaded format=pdflatex 2025.3.12)  24 MAY 2025 00:55
entering extended mode
 restricted \write18 enabled.
 %&-line parsing enabled.
**main.tex
(./main.tex
LaTeX2e <2024-11-01> patch level 2
L3 programming layer <2025-01-18>
(/opt/texlive/2025/texmf-dist/tex/latex/base/article.cls
Document Class: article 2024/06/29 v1.4n Standard LaTeX document class
(/opt/texlive/2025/texmf-dist/tex/latex/base/size10.clo
File: size10.clo 2024/06/29 v1.4n Standard LaTeX file (size option)
)
\c@part=\count196
\c@section=\count197
\c@subsection=\count198
\c@subsubsection=\count199
\c@paragraph=\count266
\c@subparagraph=\count267
\c@figure=\count268
\c@table=\count269
\abovecaptionskip=\skip49
\belowcaptionskip=\skip50
\bibindent=\dimen141
)
(/opt/texlive/2025/texmf-dist/tex/latex/graphics/graphicx.sty
Package: graphicx 2021/09/16 v1.2d Enhanced LaTeX Graphics (DPC,SPQR)

(/opt/texlive/2025/texmf-dist/tex/latex/graphics/keyval.sty
Package: keyval 2022/05/29 v1.15 key=value parser (DPC)
\KV@toks@=\toks17
)
(/opt/texlive/2025/texmf-dist/tex/latex/graphics/graphics.sty
Package: graphics 2024/08/06 v1.4g Standard LaTeX Graphics (DPC,SPQR)

(/opt/texlive/2025/texmf-dist/tex/latex/graphics/trig.sty
Package: trig 2023/12/02 v1.11 sin cos tan (DPC)
)
(/opt/texlive/2025/texmf-dist/tex/latex/graphics-cfg/graphics.cfg
File: graphics.cfg 2016/06/04 v1.11 sample graphics configuration
)
Package graphics Info: Driver file: pdftex.def on input line 106.

(/opt/texlive/2025/texmf-dist/tex/latex/graphics-def/pdftex.def
File: pdftex.def 2024/04/13 v1.2c Graphics/color driver for pdftex
))
\Gin@req@height=\dimen142
\Gin@req@width=\dimen143
)
(/opt/texlive/2025/texmf-dist/tex/latex/url/url.sty
\Urlmuskip=\muskip17
Package: url 2013/09/16  ver 3.4  Verb mode for urls, etc.
)
(/opt/texlive/2025/texmf-dist/tex/latex/l3backend/l3backend-pdftex.def
File: l3backend-pdftex.def 2024-05-08 L3 backend support: PDF output (pdfTeX)
\l__color_backend_stack_int=\count270
\l__pdf_internal_box=\box52
)
No file main.aux.
\openout1 = `main.aux'.

LaTeX Font Info:    Checking defaults for OML/cmm/m/it on input line 10.
LaTeX Font Info:    ... okay on input line 10.
LaTeX Font Info:    Checking defaults for OMS/cmsy/m/n on input line 10.
LaTeX Font Info:    ... okay on input line 10.
LaTeX Font Info:    Checking defaults for OT1/cmr/m/n on input line 10.
LaTeX Font Info:    ... okay on input line 10.
LaTeX Font Info:    Checking defaults for T1/cmr/m/n on input line 10.
LaTeX Font Info:    ... okay on input line 10.
LaTeX Font Info:    Checking defaults for TS1/cmr/m/n on input line 10.
LaTeX Font Info:    ... okay on input line 10.
LaTeX Font Info:    Checking defaults for OMX/cmex/m/n on input line 10.
LaTeX Font Info:    ... okay on input line 10.
LaTeX Font Info:    Checking defaults for U/cmr/m/n on input line 10.
LaTeX Font Info:    ... okay on input line 10.
(/opt/texlive/2025/texmf-dist/tex/context/base/mkii/supp-pdf.mkii
[Loading MPS to PDF converter (version 2006.09.02).]
\scratchcounter=\count271
\scratchdimen=\dimen144
\scratchbox=\box53
\nofMPsegments=\count272
\nofMParguments=\count273
\everyMPshowfont=\toks18
\MPscratchCnt=\count274
\MPscratchDim=\dimen145
\MPnumerator=\count275
\makeMPintoPDFobject=\count276
\everyMPtoPDFconversion=\toks19
) (/opt/texlive/2025/texmf-dist/tex/latex/epstopdf-pkg/epstopdf-base.sty
Package: epstopdf-base 2020-01-24 v2.11 Base part for package epstopdf
Package epstopdf-base Info: Redefining graphics rule for `.eps' on input line 4
85.

(/opt/texlive/2025/texmf-dist/tex/latex/latexconfig/epstopdf-sys.cfg
File: epstopdf-sys.cfg 2010/07/13 v1.3 Configuration of (r)epstopdf for TeX Liv
e
))
LaTeX Font Info:    External font `cmex10' loaded for size
(Font)              <12> on input line 12.
LaTeX Font Info:    External font `cmex10' loaded for size
(Font)              <8> on input line 12.
LaTeX Font Info:    External font `cmex10' loaded for size
(Font)              <6> on input line 12.
<figs/chatty_1.png, id=1, 1874.00125pt x 803.0pt>
File: figs/chatty_1.png Graphic file (type png)
<use figs/chatty_1.png>
Package pdftex.def Info: figs/chatty_1.png  used on input line 22.
(pdftex.def)             Requested size: 345.0pt x 147.82976pt.
<figs/chattty_2.png, id=2, 1878.01625pt x 793.96625pt>
File: figs/chattty_2.png Graphic file (type png)
<use figs/chattty_2.png>
Package pdftex.def Info: figs/chattty_2.png  used on input line 29.
(pdftex.def)             Requested size: 345.0pt x 145.85168pt.
LaTeX Font Info:    External font `cmex10' loaded for size
(Font)              <7> on input line 32.
LaTeX Font Info:    External font `cmex10' loaded for size
(Font)              <5> on input line 32.

Underfull \hbox (badness 10000) in paragraph at lines 18--35

 []


Underfull \hbox (badness 10000) in paragraph at lines 18--35

 []



[1

{/opt/texlive/2025/texmf-var/fonts/map/pdftex/updmap/pdftex.map} <./figs/chatty
_1.png>]
<figs/wordle1.png, id=12, 460.72125pt x 593.21625pt>
File: figs/wordle1.png Graphic file (type png)
<use figs/wordle1.png>
Package pdftex.def Info: figs/wordle1.png  used on input line 52.
(pdftex.def)             Requested size: 172.5pt x 222.10252pt.
<figs/wordle2.png, id=13, 696.6025pt x 352.31625pt>
File: figs/wordle2.png Graphic file (type png)
<use figs/wordle2.png>
Package pdftex.def Info: figs/wordle2.png  used on input line 59.
(pdftex.def)             Requested size: 345.0pt x 174.48578pt.

Overfull \hbox (5.3866pt too wide) in paragraph at lines 49--63
\OT1/cmr/m/n/10 Then went to $\OT1/cmtt/m/n/10 https : / / core-[]ctf . vercel 
. app / assets / index-[]CCe0eGrI . js$ \OT1/cmr/m/n/10 (af-
 []


LaTeX Warning: `!h' float specifier changed to `!ht'.



[2 <./figs/chattty_2.png>]

[3 <./figs/wordle1.png> <./figs/wordle2.png>]
<figs/wordle3.png, id=22, 1848.9075pt x 985.6825pt>
File: figs/wordle3.png Graphic file (type png)
<use figs/wordle3.png>
Package pdftex.def Info: figs/wordle3.png  used on input line 68.
(pdftex.def)             Requested size: 345.0pt x 183.92763pt.
<figs/rsa.png, id=23, 741.77126pt x 579.16376pt>
File: figs/rsa.png Graphic file (type png)
<use figs/rsa.png>
Package pdftex.def Info: figs/rsa.png  used on input line 77.
(pdftex.def)             Requested size: 345.0pt x 269.37022pt.

Underfull \hbox (badness 10000) in paragraph at lines 72--82

 []


Underfull \hbox (badness 10000) in paragraph at lines 72--82

 []


LaTeX Warning: `!h' float specifier changed to `!ht'.



[4 <./figs/wordle3.png>]
<figs/jjk1.png, id=29, 330.23375pt x 81.30376pt>
File: figs/jjk1.png Graphic file (type png)
<use figs/jjk1.png>
Package pdftex.def Info: figs/jjk1.png  used on input line 90.
(pdftex.def)             Requested size: 207.0021pt x 50.96606pt.
<figs/jjk2.png, id=30, 583.17876pt x 424.58624pt>
File: figs/jjk2.png Graphic file (type png)
<use figs/jjk2.png>
Package pdftex.def Info: figs/jjk2.png  used on input line 96.
(pdftex.def)             Requested size: 345.0pt x 251.18396pt.


LaTeX Warning: `!h' float specifier changed to `!ht'.



[5 <./figs/rsa.png> <./figs/jjk1.png>]
<figs/jjk4.png, id=34, 603.25375pt x 144.54pt>
File: figs/jjk4.png Graphic file (type png)
<use figs/jjk4.png>
Package pdftex.def Info: figs/jjk4.png  used on input line 114.
(pdftex.def)             Requested size: 345.0pt x 82.66212pt.


LaTeX Warning: `!h' float specifier changed to `!ht'.



[6{/opt/texlive/2025/texmf-dist/fonts/enc/dvips/cm-super/cm-super-ts1.enc} <./f
igs/jjk2.png>]

[7 <./figs/jjk4.png>] (./main.aux)
 ***********
LaTeX2e <2024-11-01> patch level 2
L3 programming layer <2025-01-18>
 ***********


LaTeX Warning: Label(s) may have changed. Rerun to get cross-references right.

 ) 
Here is how much of TeX's memory you used:
 1458 strings out of 473190
 23803 string characters out of 5691840
 415522 words of memory out of 5000000
 24743 multiletter control sequences out of 15000+600000
 563287 words of font info for 51 fonts, out of 8000000 for 9000
 1141 hyphenation exceptions out of 8191
 57i,7n,65p,552b,234s stack positions out of 10000i,1000n,20000p,200000b,200000s
</opt/texlive/2025/texmf-dist/fonts/type1/public/amsfonts/cm/cmbx12.pfb></opt
/texlive/2025/texmf-dist/fonts/type1/public/amsfonts/cm/cmmi10.pfb></opt/texliv
e/2025/texmf-dist/fonts/type1/public/amsfonts/cm/cmr10.pfb></opt/texlive/2025/t
exmf-dist/fonts/type1/public/amsfonts/cm/cmr12.pfb></opt/texlive/2025/texmf-dis
t/fonts/type1/public/amsfonts/cm/cmr17.pfb></opt/texlive/2025/texmf-dist/fonts/
type1/public/amsfonts/cm/cmr7.pfb></opt/texlive/2025/texmf-dist/fonts/type1/pub
lic/amsfonts/cm/cmsy10.pfb></opt/texlive/2025/texmf-dist/fonts/type1/public/ams
fonts/cm/cmtt10.pfb></opt/texlive/2025/texmf-dist/fonts/type1/public/cm-super/s
frm1000.pfb>
Output written on main.pdf (7 pages, 2287215 bytes).
PDF statistics:
 83 PDF objects out of 1000 (max. 8388607)
 46 compressed objects within 1 object stream
 0 named destinations out of 1000 (max. 500000)
 46 words of extra memory for PDF output out of 10000 (max. 10000000)

